# JRE version: Java(TM) SE Runtime Environment (19.0.2+7) (build 19.0.2+7-44)
# Java VM: Java HotSpot(TM) 64-Bit Server VM (19.0.2+7-44, mixed mode, sharing, tiered, compressed oops, compressed class ptrs, g1 gc, windows-amd64)
GC Precious Log:
 CardTable entry size: 512
 Card Set container configuration: InlinePtr #cards 5 size 8 Array Of Cards #cards 12 size 40 Howl #buckets 4 coarsen threshold 1843 Howl Bitmap #cards 512 size 80 coarsen threshold 460 Card regions per heap region 1 cards per card region 2048
 CPUs: 4 total, 4 available
 Memory: 6023M
 Large Page Support: Disabled
 NUMA Support: Disabled
 Compressed Oops: Enabled (32-bit)
 Heap Region Size: 1M
 Heap Min Capacity: 8M
 Heap Initial Capacity: 96M
 Heap Max Capacity: 2G
 Pre-touch: Disabled
 Parallel Workers: 4
 Concurrent Workers: 1
 Concurrent Refinement Workers: 4
 Periodic GC: Disabled
Heap:
 garbage-first heap   total 110592K, used 72137K [0x0000000080000000, 0x0000000100000000)
  region size 1024K, 21 young (21504K), 3 survivors (3072K)
 Metaspace       used 65649K, committed 67456K, reserved 487424K
  class space    used 8883K, committed 9792K, reserved 421888K
GC Heap History (20 events):
Event: 40.146 GC heap before
{Heap before GC invocations=12 (full 0):
 garbage-first heap   total 81920K, used 35750K [0x0000000080000000, 0x0000000100000000)
  region size 1024K, 4 young (4096K), 3 survivors (3072K)
 Metaspace       used 37912K, committed 39296K, reserved 487424K
  class space    used 5142K, committed 5824K, reserved 421888K
}
Event: 40.151 GC heap after
{Heap after GC invocations=13 (full 0):
 garbage-first heap   total 81920K, used 34789K [0x0000000080000000, 0x0000000100000000)
  region size 1024K, 1 young (1024K), 1 survivors (1024K)
 Metaspace       used 37912K, committed 39296K, reserved 487424K
  class space    used 5142K, committed 5824K, reserved 421888K
}
Event: 41.273 GC heap before
{Heap before GC invocations=13 (full 0):
 garbage-first heap   total 81920K, used 62437K [0x0000000080000000, 0x0000000100000000)
  region size 1024K, 29 young (29696K), 1 survivors (1024K)
 Metaspace       used 41468K, committed 42880K, reserved 487424K
  class space    used 5736K, committed 6464K, reserved 421888K
}
Event: 41.279 GC heap after
{Heap after GC invocations=14 (full 0):
 garbage-first heap   total 81920K, used 36315K [0x0000000080000000, 0x0000000100000000)
  region size 1024K, 2 young (2048K), 2 survivors (2048K)
 Metaspace       used 41468K, committed 42880K, reserved 487424K
  class space    used 5736K, committed 6464K, reserved 421888K
}
Event: 42.440 GC heap before
{Heap before GC invocations=14 (full 0):
 garbage-first heap   total 81920K, used 64987K [0x0000000080000000, 0x0000000100000000)
  region size 1024K, 30 young (30720K), 2 survivors (2048K)
 Metaspace       used 45239K, committed 46784K, reserved 487424K
  class space    used 6261K, committed 7040K, reserved 421888K
}
Event: 42.448 GC heap after
{Heap after GC invocations=15 (full 0):
 garbage-first heap   total 81920K, used 37840K [0x0000000080000000, 0x0000000100000000)
  region size 1024K, 4 young (4096K), 4 survivors (4096K)
 Metaspace       used 45239K, committed 46784K, reserved 487424K
  class space    used 6261K, committed 7040K, reserved 421888K
}
Event: 44.117 GC heap before
{Heap before GC invocations=15 (full 0):
 garbage-first heap   total 81920K, used 66512K [0x0000000080000000, 0x0000000100000000)
  region size 1024K, 31 young (31744K), 4 survivors (4096K)
 Metaspace       used 51852K, committed 53312K, reserved 487424K
  class space    used 7047K, committed 7808K, reserved 421888K
}
Event: 44.131 GC heap after
{Heap after GC invocations=16 (full 0):
 garbage-first heap   total 81920K, used 43691K [0x0000000080000000, 0x0000000100000000)
  region size 1024K, 4 young (4096K), 4 survivors (4096K)
 Metaspace       used 51852K, committed 53312K, reserved 487424K
  class space    used 7047K, committed 7808K, reserved 421888K
}
Event: 45.660 GC heap before
{Heap before GC invocations=17 (full 0):
 garbage-first heap   total 86016K, used 68267K [0x0000000080000000, 0x0000000100000000)
  region size 1024K, 25 young (25600K), 4 survivors (4096K)
 Metaspace       used 55269K, committed 56896K, reserved 487424K
  class space    used 7465K, committed 8320K, reserved 421888K
}
Event: 45.672 GC heap after
{Heap after GC invocations=18 (full 0):
 garbage-first heap   total 86016K, used 51004K [0x0000000080000000, 0x0000000100000000)
  region size 1024K, 3 young (3072K), 3 survivors (3072K)
 Metaspace       used 55269K, committed 56896K, reserved 487424K
  class space    used 7465K, committed 8320K, reserved 421888K
}
Event: 45.702 GC heap before
{Heap before GC invocations=18 (full 0):
 garbage-first heap   total 86016K, used 52028K [0x0000000080000000, 0x0000000100000000)
  region size 1024K, 4 young (4096K), 3 survivors (3072K)
 Metaspace       used 55375K, committed 57024K, reserved 487424K
  class space    used 7480K, committed 8384K, reserved 421888K
}
Event: 45.709 GC heap after
{Heap after GC invocations=19 (full 0):
 garbage-first heap   total 86016K, used 50852K [0x0000000080000000, 0x0000000100000000)
  region size 1024K, 1 young (1024K), 1 survivors (1024K)
 Metaspace       used 55375K, committed 57024K, reserved 487424K
  class space    used 7480K, committed 8384K, reserved 421888K
}
Event: 46.433 GC heap before
{Heap before GC invocations=19 (full 0):
 garbage-first heap   total 86016K, used 69284K [0x0000000080000000, 0x0000000100000000)
  region size 1024K, 19 young (19456K), 1 survivors (1024K)
 Metaspace       used 57473K, committed 59200K, reserved 487424K
  class space    used 7831K, committed 8768K, reserved 421888K
}
Event: 46.438 GC heap after
{Heap after GC invocations=20 (full 0):
 garbage-first heap   total 86016K, used 51436K [0x0000000080000000, 0x0000000100000000)
  region size 1024K, 1 young (1024K), 1 survivors (1024K)
 Metaspace       used 57473K, committed 59200K, reserved 487424K
  class space    used 7831K, committed 8768K, reserved 421888K
}
Event: 47.526 GC heap before
{Heap before GC invocations=21 (full 0):
 garbage-first heap   total 92160K, used 69868K [0x0000000080000000, 0x0000000100000000)
  region size 1024K, 19 young (19456K), 1 survivors (1024K)
 Metaspace       used 59528K, committed 61312K, reserved 487424K
  class space    used 8123K, committed 9024K, reserved 421888K
}
Event: 47.536 GC heap after
{Heap after GC invocations=22 (full 0):
 garbage-first heap   total 110592K, used 52538K [0x0000000080000000, 0x0000000100000000)
  region size 1024K, 2 young (2048K), 2 survivors (2048K)
 Metaspace       used 59528K, committed 61312K, reserved 487424K
  class space    used 8123K, committed 9024K, reserved 421888K
}
Event: 47.683 GC heap before
{Heap before GC invocations=22 (full 0):
 garbage-first heap   total 110592K, used 55610K [0x0000000080000000, 0x0000000100000000)
  region size 1024K, 5 young (5120K), 2 survivors (2048K)
 Metaspace       used 59926K, committed 61696K, reserved 487424K
  class space    used 8170K, committed 9088K, reserved 421888K
}
Event: 47.690 GC heap after
{Heap after GC invocations=23 (full 0):
 garbage-first heap   total 110592K, used 52519K [0x0000000080000000, 0x0000000100000000)
  region size 1024K, 1 young (1024K), 1 survivors (1024K)
 Metaspace       used 59926K, committed 61696K, reserved 487424K
  class space    used 8170K, committed 9088K, reserved 421888K
}
Event: 49.051 GC heap before
{Heap before GC invocations=23 (full 0):
 garbage-first heap   total 110592K, used 84263K [0x0000000080000000, 0x0000000100000000)
  region size 1024K, 33 young (33792K), 1 survivors (1024K)
 Metaspace       used 64405K, committed 66176K, reserved 487424K
  class space    used 8744K, committed 9664K, reserved 421888K
}
Event: 49.058 GC heap after
{Heap after GC invocations=24 (full 0):
 garbage-first heap   total 110592K, used 54729K [0x0000000080000000, 0x0000000100000000)
  region size 1024K, 3 young (3072K), 3 survivors (3072K)
 Metaspace       used 64405K, committed 66176K, reserved 487424K
  class space    used 8744K, committed 9664K, reserved 421888K
}

